<?xml version="1.0" encoding="UTF-8"?>
<testng-results skipped="0" failed="0" total="1" passed="1">
  <reporter-output>
  </reporter-output>
  <suite name="Default suite" duration-ms="19480" started-at="2015-10-29T06:48:43Z" finished-at="2015-10-29T06:49:03Z">
    <groups>
    </groups>
    <test name="Default test" duration-ms="19480" started-at="2015-10-29T06:48:43Z" finished-at="2015-10-29T06:49:03Z">
      <class name="CommandExecutor">
        <test-method status="PASS" signature="executeCommand()[pri:0, instance:CommandExecutor@d7b1517]" name="executeCommand" duration-ms="19457" started-at="2015-10-29T12:18:43Z" finished-at="2015-10-29T12:19:03Z">
          <reporter-output>
          </reporter-output>
        </test-method> <!-- executeCommand -->
      </class> <!-- CommandExecutor -->
    </test> <!-- Default test -->
  </suite> <!-- Default suite -->
</testng-results>
